2019-09-05 15:42:10,180 INFO: Tx.. TEST_ASSERT_PASS: send cmd "led_green" with args None
2019-09-05 15:42:10,197 INFO: ..Rx BRIDGE_PASS: to "led_green" bridge says "status_ok" for "led_green"
2019-09-05 15:42:10,198 INFO: Tx.. TEST_ASSERT_PASS: send cmd "led_red" with args None
2019-09-05 15:42:10,213 INFO: ..Rx BRIDGE_PASS: to "led_red" bridge says "status_ok" for "led_red"
2019-09-05 15:42:10,214 INFO: Tx.. TEST_ASSERT_PASS: send cmd "sensor_led(send_led1_green)" with args None
2019-09-05 15:42:10,229 INFO: ..Rx BRIDGE_PASS: to "sensor_led(send_led1_green)" bridge says "status_ok" for "send_led1_green"
2019-09-05 15:42:10,235 INFO: ..Rx SENSOR_PASS: to "sensor_led(send_led1_green)" sensor says "status_ok" for "led1_green"
2019-09-05 15:42:10,236 INFO: Tx.. TEST_ASSERT_PASS: send cmd "sensor_led(send_led1_red)" with args None
2019-09-05 15:42:10,245 INFO: ..Rx BRIDGE_PASS: to "sensor_led(send_led1_red)" bridge says "status_ok" for "send_led1_red"
2019-09-05 15:42:10,251 INFO: ..Rx SENSOR_PASS: to "sensor_led(send_led1_red)" sensor says "status_ok" for "led1_red"
2019-09-05 15:42:10,252 INFO: Tx.. TEST_ASSERT_PASS: send cmd "sensor_led(send_led2_green)" with args None
2019-09-05 15:42:10,261 INFO: ..Rx BRIDGE_PASS: to "sensor_led(send_led2_green)" bridge says "status_ok" for "send_led2_green"
2019-09-05 15:42:10,267 INFO: ..Rx SENSOR_PASS: to "sensor_led(send_led2_green)" sensor says "status_ok" for "led2_green"
2019-09-05 15:42:10,268 INFO: Tx.. TEST_ASSERT_PASS: send cmd "sensor_led(send_led2_red)" with args None
2019-09-05 15:42:10,277 INFO: ..Rx BRIDGE_PASS: to "sensor_led(send_led2_red)" bridge says "status_ok" for "send_led2_red"
2019-09-05 15:42:10,283 INFO: ..Rx SENSOR_PASS: to "sensor_led(send_led2_red)" sensor says "status_ok" for "led2_red"
2019-09-05 15:42:10,284 INFO: Tx.. TEST_ASSERT_PASS: send cmd "sensor_led(send_led3_green)" with args None
2019-09-05 15:42:10,294 INFO: ..Rx BRIDGE_PASS: to "sensor_led(send_led3_green)" bridge says "status_ok" for "send_led3_green"
2019-09-05 15:42:10,299 INFO: ..Rx SENSOR_PASS: to "sensor_led(send_led3_green)" sensor says "status_ok" for "led3_green"
2019-09-05 15:42:10,300 INFO: Tx.. TEST_ASSERT_PASS: send cmd "sensor_led(send_led3_red)" with args None
2019-09-05 15:42:10,309 INFO: ..Rx BRIDGE_PASS: to "sensor_led(send_led3_red)" bridge says "status_ok" for "send_led3_red"
2019-09-05 15:42:10,315 INFO: ..Rx SENSOR_PASS: to "sensor_led(send_led3_red)" sensor says "status_ok" for "led3_red"
2019-09-05 15:42:10,316 INFO: Tx.. TEST_ASSERT_PASS: send cmd "sensor_led(send_led4_green)" with args None
2019-09-05 15:42:10,326 INFO: ..Rx BRIDGE_PASS: to "sensor_led(send_led4_green)" bridge says "status_ok" for "send_led4_green"
2019-09-05 15:42:10,331 INFO: ..Rx SENSOR_PASS: to "sensor_led(send_led4_green)" sensor says "status_ok" for "led4_green"
2019-09-05 15:42:10,332 INFO: Tx.. TEST_ASSERT_PASS: send cmd "sensor_led(send_led4_red)" with args None
2019-09-05 15:42:10,341 INFO: ..Rx BRIDGE_PASS: to "sensor_led(send_led4_red)" bridge says "status_ok" for "send_led4_red"
2019-09-05 15:42:10,347 INFO: ..Rx SENSOR_PASS: to "sensor_led(send_led4_red)" sensor says "status_ok" for "led4_red"
2019-09-05 15:42:10,348 INFO: Tx.. TEST_ASSERT_FAIL: send cmd "black_hat" with args None
2019-09-05 15:42:10,358 INFO: ..Rx BRIDGE_FAIL: to "black_hat" bridge says "status_invalid_cmd" for "0xAB"
2019-09-05 15:48:51,627 INFO: Tx.. TEST_ASSERT_PASS: send cmd "led_green" with args None
2019-09-05 15:48:51,645 INFO: ..Rx BRIDGE_PASS: to "led_green" bridge says "status_ok" for "led_green"
2019-09-05 15:48:51,645 INFO: Tx.. TEST_ASSERT_PASS: send cmd "led_red" with args None
2019-09-05 15:48:51,661 INFO: ..Rx BRIDGE_PASS: to "led_red" bridge says "status_ok" for "led_red"
2019-09-05 15:48:51,661 INFO: Tx.. TEST_ASSERT_PASS: send cmd "sensor_led(send_led1_green)" with args None
2019-09-05 15:48:51,677 INFO: ..Rx BRIDGE_PASS: to "sensor_led(send_led1_green)" bridge says "status_ok" for "send_led1_green"
2019-09-05 15:48:51,683 INFO: ..Rx SENSOR_PASS: to "sensor_led(send_led1_green)" sensor says "status_ok" for "led1_green"
2019-09-05 15:48:51,683 INFO: Tx.. TEST_ASSERT_PASS: send cmd "sensor_led(send_led2_green)" with args None
2019-09-05 15:48:51,693 INFO: ..Rx BRIDGE_PASS: to "sensor_led(send_led2_green)" bridge says "status_ok" for "send_led2_green"
2019-09-05 15:48:51,699 INFO: ..Rx SENSOR_PASS: to "sensor_led(send_led2_green)" sensor says "status_ok" for "led2_green"
2019-09-05 15:48:51,699 INFO: Tx.. TEST_ASSERT_PASS: send cmd "sensor_led(send_led3_green)" with args None
2019-09-05 15:48:51,709 INFO: ..Rx BRIDGE_PASS: to "sensor_led(send_led3_green)" bridge says "status_ok" for "send_led3_green"
2019-09-05 15:48:51,715 INFO: ..Rx SENSOR_PASS: to "sensor_led(send_led3_green)" sensor says "status_ok" for "led3_green"
2019-09-05 15:48:51,715 INFO: Tx.. TEST_ASSERT_PASS: send cmd "sensor_led(send_led4_green)" with args None
2019-09-05 15:48:51,725 INFO: ..Rx BRIDGE_PASS: to "sensor_led(send_led4_green)" bridge says "status_ok" for "send_led4_green"
2019-09-05 15:48:51,731 INFO: ..Rx SENSOR_PASS: to "sensor_led(send_led4_green)" sensor says "status_ok" for "led4_green"
2019-09-05 15:48:51,731 INFO: Tx.. TEST_ASSERT_FAIL: send cmd "black_hat" with args None
2019-09-05 15:48:51,741 INFO: ..Rx BRIDGE_FAIL: to "black_hat" bridge says "status_invalid_cmd" for "0xAB"
2019-09-05 15:49:03,327 INFO: Tx.. TEST_ASSERT_PASS: send cmd "led_green" with args None
2019-09-05 15:49:03,344 INFO: ..Rx BRIDGE_PASS: to "led_green" bridge says "status_ok" for "led_green"
2019-09-05 15:49:03,345 INFO: Tx.. TEST_ASSERT_PASS: send cmd "sensor_led(send_led1_green)" with args None
2019-09-05 15:49:03,361 INFO: ..Rx BRIDGE_PASS: to "sensor_led(send_led1_green)" bridge says "status_ok" for "send_led1_green"
2019-09-05 15:49:03,366 INFO: ..Rx SENSOR_PASS: to "sensor_led(send_led1_green)" sensor says "status_ok" for "led1_green"
2019-09-05 15:49:03,367 INFO: Tx.. TEST_ASSERT_PASS: send cmd "sensor_led(send_led2_green)" with args None
2019-09-05 15:49:03,375 INFO: ..Rx BRIDGE_PASS: to "sensor_led(send_led2_green)" bridge says "status_ok" for "send_led2_green"
2019-09-05 15:49:03,381 INFO: ..Rx SENSOR_PASS: to "sensor_led(send_led2_green)" sensor says "status_ok" for "led2_green"
2019-09-05 15:49:03,382 INFO: Tx.. TEST_ASSERT_PASS: send cmd "sensor_led(send_led3_green)" with args None
2019-09-05 15:49:03,391 INFO: ..Rx BRIDGE_PASS: to "sensor_led(send_led3_green)" bridge says "status_ok" for "send_led3_green"
2019-09-05 15:49:03,397 INFO: ..Rx SENSOR_PASS: to "sensor_led(send_led3_green)" sensor says "status_ok" for "led3_green"
2019-09-05 15:49:03,398 INFO: Tx.. TEST_ASSERT_PASS: send cmd "sensor_led(send_led4_green)" with args None
2019-09-05 15:49:03,407 INFO: ..Rx BRIDGE_PASS: to "sensor_led(send_led4_green)" bridge says "status_ok" for "send_led4_green"
2019-09-05 15:49:03,413 INFO: ..Rx SENSOR_PASS: to "sensor_led(send_led4_green)" sensor says "status_ok" for "led4_green"
2019-09-05 15:49:03,414 INFO: Tx.. TEST_ASSERT_FAIL: send cmd "black_hat" with args None
2019-09-05 15:49:03,423 INFO: ..Rx BRIDGE_FAIL: to "black_hat" bridge says "status_invalid_cmd" for "0xAB"
2019-09-05 16:39:00,350 INFO: Tx.. TEST_ASSERT_PASS: send cmd "led_green" with args None
2019-09-05 16:39:00,366 INFO: ..Rx BRIDGE_PASS: to "led_green" bridge says "status_ok" for "led_green"
2019-09-05 16:39:00,367 INFO: Tx.. TEST_ASSERT_PASS: send cmd "sensor_led(send_led1_green)" with args None
2019-09-05 16:39:00,382 INFO: ..Rx BRIDGE_PASS: to "sensor_led(send_led1_green)" bridge says "status_ok" for "send_led1_green"
2019-09-05 16:39:00,383 INFO: ..Rx SENSOR_PASS: to "sensor_led(send_led1_green)" sensor says "status_ok" for "led1_green"
2019-09-05 16:39:00,383 INFO: Tx.. TEST_ASSERT_PASS: send cmd "sensor_led(send_led2_green)" with args None
2019-09-05 16:39:00,398 INFO: ..Rx BRIDGE_PASS: to "sensor_led(send_led2_green)" bridge says "status_ok" for "send_led2_green"
2019-09-05 16:39:00,399 INFO: ..Rx SENSOR_PASS: to "sensor_led(send_led2_green)" sensor says "status_ok" for "led2_green"
2019-09-05 16:39:00,399 INFO: Tx.. TEST_ASSERT_PASS: send cmd "sensor_led(send_led3_green)" with args None
2019-09-05 16:39:00,414 INFO: ..Rx BRIDGE_PASS: to "sensor_led(send_led3_green)" bridge says "status_ok" for "send_led3_green"
2019-09-05 16:39:00,415 INFO: ..Rx SENSOR_PASS: to "sensor_led(send_led3_green)" sensor says "status_ok" for "led3_green"
2019-09-05 16:39:00,415 INFO: Tx.. TEST_ASSERT_PASS: send cmd "sensor_led(send_led4_green)" with args None
2019-09-05 16:39:00,430 INFO: ..Rx BRIDGE_PASS: to "sensor_led(send_led4_green)" bridge says "status_ok" for "send_led4_green"
2019-09-05 16:39:00,431 INFO: ..Rx SENSOR_PASS: to "sensor_led(send_led4_green)" sensor says "status_ok" for "led4_green"
2019-09-05 16:39:00,431 INFO: Tx.. TEST_ASSERT_FAIL: send cmd "black_hat" with args None
2019-09-05 16:39:00,446 INFO: ..Rx BRIDGE_FAIL: to "black_hat" bridge says "status_invalid_cmd" for "0xAB"
2019-09-05 16:39:28,872 INFO: Tx.. TEST_ASSERT_PASS: send cmd "led_green" with args None
2019-09-05 16:39:28,877 INFO: ..Rx BRIDGE_PASS: to "led_green" bridge says "status_ok" for "led_green"
2019-09-05 16:39:28,877 INFO: Tx.. TEST_ASSERT_PASS: send cmd "led_red" with args None
2019-09-05 16:39:28,893 INFO: ..Rx BRIDGE_PASS: to "led_red" bridge says "status_ok" for "led_red"
2019-09-05 16:39:28,893 INFO: Tx.. TEST_ASSERT_PASS: send cmd "sensor_led(send_led1_green)" with args None
2019-09-05 16:39:28,909 INFO: ..Rx BRIDGE_PASS: to "sensor_led(send_led1_green)" bridge says "status_ok" for "send_led1_green"
2019-09-05 16:39:28,909 INFO: ..Rx SENSOR_PASS: to "sensor_led(send_led1_green)" sensor says "status_ok" for "led1_green"
2019-09-05 16:39:28,909 INFO: Tx.. TEST_ASSERT_PASS: send cmd "sensor_led(send_led1_red)" with args None
2019-09-05 16:39:28,925 INFO: ..Rx BRIDGE_PASS: to "sensor_led(send_led1_red)" bridge says "status_ok" for "send_led1_red"
2019-09-05 16:39:28,925 INFO: ..Rx SENSOR_PASS: to "sensor_led(send_led1_red)" sensor says "status_ok" for "led1_red"
2019-09-05 16:39:28,925 INFO: Tx.. TEST_ASSERT_PASS: send cmd "sensor_led(send_led2_green)" with args None
2019-09-05 16:39:28,941 INFO: ..Rx BRIDGE_PASS: to "sensor_led(send_led2_green)" bridge says "status_ok" for "send_led2_green"
2019-09-05 16:39:28,941 INFO: ..Rx SENSOR_PASS: to "sensor_led(send_led2_green)" sensor says "status_ok" for "led2_green"
2019-09-05 16:39:28,941 INFO: Tx.. TEST_ASSERT_PASS: send cmd "sensor_led(send_led2_red)" with args None
2019-09-05 16:39:28,957 INFO: ..Rx BRIDGE_PASS: to "sensor_led(send_led2_red)" bridge says "status_ok" for "send_led2_red"
2019-09-05 16:39:28,957 INFO: ..Rx SENSOR_PASS: to "sensor_led(send_led2_red)" sensor says "status_ok" for "led2_red"
2019-09-05 16:39:28,957 INFO: Tx.. TEST_ASSERT_PASS: send cmd "sensor_led(send_led3_green)" with args None
2019-09-05 16:39:28,973 INFO: ..Rx BRIDGE_PASS: to "sensor_led(send_led3_green)" bridge says "status_ok" for "send_led3_green"
2019-09-05 16:39:28,973 INFO: ..Rx SENSOR_PASS: to "sensor_led(send_led3_green)" sensor says "status_ok" for "led3_green"
2019-09-05 16:39:28,973 INFO: Tx.. TEST_ASSERT_PASS: send cmd "sensor_led(send_led3_red)" with args None
2019-09-05 16:39:28,989 INFO: ..Rx BRIDGE_PASS: to "sensor_led(send_led3_red)" bridge says "status_ok" for "send_led3_red"
2019-09-05 16:39:28,989 INFO: ..Rx SENSOR_PASS: to "sensor_led(send_led3_red)" sensor says "status_ok" for "led3_red"
2019-09-05 16:39:28,989 INFO: Tx.. TEST_ASSERT_PASS: send cmd "sensor_led(send_led4_green)" with args None
2019-09-05 16:39:29,005 INFO: ..Rx BRIDGE_PASS: to "sensor_led(send_led4_green)" bridge says "status_ok" for "send_led4_green"
2019-09-05 16:39:29,005 INFO: ..Rx SENSOR_PASS: to "sensor_led(send_led4_green)" sensor says "status_ok" for "led4_green"
2019-09-05 16:39:29,005 INFO: Tx.. TEST_ASSERT_PASS: send cmd "sensor_led(send_led4_red)" with args None
2019-09-05 16:39:29,021 INFO: ..Rx BRIDGE_PASS: to "sensor_led(send_led4_red)" bridge says "status_ok" for "send_led4_red"
2019-09-05 16:39:29,021 INFO: ..Rx SENSOR_PASS: to "sensor_led(send_led4_red)" sensor says "status_ok" for "led4_red"
2019-09-05 16:39:29,021 INFO: Tx.. TEST_ASSERT_FAIL: send cmd "black_hat" with args None
2019-09-05 16:39:29,037 INFO: ..Rx BRIDGE_FAIL: to "black_hat" bridge says "status_invalid_cmd" for "0xAB"
2019-09-06 16:52:27,309 INFO: Tx.. TEST_ASSERT_PASS: send cmd "led_green" with args None
2019-09-06 16:52:27,322 INFO: ..Rx BRIDGE_PASS: to "led_green" bridge says "status_ok" for "led_green"
2019-09-06 16:52:27,323 INFO: Tx.. TEST_ASSERT_PASS: send cmd "led_red" with args None
2019-09-06 16:52:27,338 INFO: ..Rx BRIDGE_PASS: to "led_red" bridge says "status_ok" for "led_red"
2019-09-06 16:52:27,338 INFO: Tx.. TEST_ASSERT_PASS: send cmd "sensor_led(send_led1_green)" with args None
2019-09-06 16:52:27,354 INFO: ..Rx BRIDGE_PASS: to "sensor_led(send_led1_green)" bridge says "status_ok" for "send_led1_green"
2019-09-06 16:52:27,354 INFO: ..Rx SENSOR_PASS: to "sensor_led(send_led1_green)" sensor says "status_ok" for "led1_green"
2019-09-06 16:52:27,355 INFO: Tx.. TEST_ASSERT_PASS: send cmd "sensor_led(send_led1_red)" with args None
2019-09-06 16:52:27,370 INFO: ..Rx BRIDGE_PASS: to "sensor_led(send_led1_red)" bridge says "status_ok" for "send_led1_red"
2019-09-06 16:52:27,370 INFO: ..Rx SENSOR_PASS: to "sensor_led(send_led1_red)" sensor says "status_ok" for "led1_red"
2019-09-06 16:52:27,371 INFO: Tx.. TEST_ASSERT_PASS: send cmd "sensor_led(send_led2_green)" with args None
2019-09-06 16:52:27,386 INFO: ..Rx BRIDGE_PASS: to "sensor_led(send_led2_green)" bridge says "status_ok" for "send_led2_green"
2019-09-06 16:52:27,386 INFO: ..Rx SENSOR_PASS: to "sensor_led(send_led2_green)" sensor says "status_ok" for "led2_green"
2019-09-06 16:52:27,387 INFO: Tx.. TEST_ASSERT_PASS: send cmd "sensor_led(send_led2_red)" with args None
2019-09-06 16:52:27,402 INFO: ..Rx BRIDGE_PASS: to "sensor_led(send_led2_red)" bridge says "status_ok" for "send_led2_red"
2019-09-06 16:52:27,402 INFO: ..Rx SENSOR_PASS: to "sensor_led(send_led2_red)" sensor says "status_ok" for "led2_red"
2019-09-06 16:52:27,403 INFO: Tx.. TEST_ASSERT_PASS: send cmd "sensor_led(send_led3_green)" with args None
2019-09-06 16:52:27,418 INFO: ..Rx BRIDGE_PASS: to "sensor_led(send_led3_green)" bridge says "status_ok" for "send_led3_green"
2019-09-06 16:52:27,418 INFO: ..Rx SENSOR_PASS: to "sensor_led(send_led3_green)" sensor says "status_ok" for "led3_green"
2019-09-06 16:52:27,418 INFO: Tx.. TEST_ASSERT_PASS: send cmd "sensor_led(send_led3_red)" with args None
2019-09-06 16:52:27,434 INFO: ..Rx BRIDGE_PASS: to "sensor_led(send_led3_red)" bridge says "status_ok" for "send_led3_red"
2019-09-06 16:52:27,434 INFO: ..Rx SENSOR_PASS: to "sensor_led(send_led3_red)" sensor says "status_ok" for "led3_red"
2019-09-06 16:52:27,434 INFO: Tx.. TEST_ASSERT_PASS: send cmd "sensor_led(send_led4_green)" with args None
2019-09-06 16:52:27,450 INFO: ..Rx BRIDGE_PASS: to "sensor_led(send_led4_green)" bridge says "status_ok" for "send_led4_green"
2019-09-06 16:52:27,450 INFO: ..Rx SENSOR_PASS: to "sensor_led(send_led4_green)" sensor says "status_ok" for "led4_green"
2019-09-06 16:52:27,451 INFO: Tx.. TEST_ASSERT_PASS: send cmd "sensor_led(send_led4_red)" with args None
2019-09-06 16:52:27,466 INFO: ..Rx BRIDGE_PASS: to "sensor_led(send_led4_red)" bridge says "status_ok" for "send_led4_red"
2019-09-06 16:52:27,466 INFO: ..Rx SENSOR_PASS: to "sensor_led(send_led4_red)" sensor says "status_ok" for "led4_red"
2019-09-06 16:52:27,466 INFO: Tx.. TEST_ASSERT_FAIL: send cmd "black_hat" with args None
2019-09-06 16:52:27,482 INFO: ..Rx BRIDGE_FAIL: to "black_hat" bridge says "status_invalid_cmd" for "0xAB"
2019-09-09 11:53:44,745 INFO: Tx.. TEST_ASSERT_PASS: send cmd "sensor_led(send_led1_red)" with args None
2019-09-09 11:53:44,758 INFO: ..Rx BRIDGE_PASS: to "sensor_led(send_led1_red)" bridge says "status_ok" for "send_led1_red"
2019-09-09 11:53:44,759 INFO: ..Rx SENSOR_PASS: to "sensor_led(send_led1_red)" sensor says "status_ok" for "led1_red"
